{'code': 100, 'data': {'tid': 9446693}, 'msg': '请求成功'}
{'Date': 'Sat, 08 Jun 2019 09:59:56 GMT', 'Content-Type': 'text/plain;charset=UTF-8', 'Transfer-Encoding': 'chunked', 'Connection': 'keep-alive', 'Set-Cookie': 'acw_tc=781bad3115599879961684820e35a0702d0e7f1c04324ae6d0a4f946821701;path=/;HttpOnly;Max-Age=2678401, SERVERID=f5149c9dad75cea81d5098369daa00ae|1559987996|1559987996;Path=/', 'Vary': 'Accept-Encoding', 'Content-Encoding': 'gzip'}
{'code': 100, 'data': {'tid': 9446964}, 'msg': '请求成功'}
{'appid': '1559660394246', 'nonce_str': 'rohCcwQIiLS4n21k', 'tid': 9446964, 'dtype': '2', 'privatekey': '7efbf332ac0ce7ed3b8255df09270435d0986345', 'token': '489B23010F21516AED4F2C7D2DDF0A99'}
{'Date': 'Sat, 08 Jun 2019 10:07:21 GMT', 'Content-Type': 'text/plain;charset=UTF-8', 'Transfer-Encoding': 'chunked', 'Connection': 'keep-alive', 'Set-Cookie': 'acw_tc=781bad0715599884418358615e18d110b496cfa635b2ee123561c22d2103ae;path=/;HttpOnly;Max-Age=2678401, SERVERID=e138e2620f66b163b4e8b5ac901da878|1559988441|1559988441;Path=/', 'Vary': 'Accept-Encoding', 'Content-Encoding': 'gzip'}
{'code': 100, 'data': {'tid': 9449237}, 'msg': '请求成功'}
{'code': 100, 'data': {'tid': 9449266}, 'msg': '请求成功'}
{'appid': '1559660394246', 'nonce_str': 'F4jr7lukS1OwK6Te', 'tid': 9449266, 'dtype': '2', 'privatekey': '7efbf332ac0ce7ed3b8255df09270435d0986345', 'token': '8190F9DC4F8FE80ACCD421397DA7EFAC'}
{'Date': 'Sat, 08 Jun 2019 11:22:22 GMT', 'Content-Type': 'text/plain;charset=UTF-8', 'Transfer-Encoding': 'chunked', 'Connection': 'keep-alive', 'Set-Cookie': 'acw_tc=781bad2315599929428025296e425a2c539ce3bc50a9a4fddcc672c53ba62e;path=/;HttpOnly;Max-Age=2678401, SERVERID=f5149c9dad75cea81d5098369daa00ae|1559992942|1559992942;Path=/', 'Vary': 'Accept-Encoding', 'Content-Encoding': 'gzip'}
{'code': 100, 'data': {'tid': 9449347}, 'msg': '请求成功'}
{'appid': '1559660394246', 'nonce_str': 'KW2p5LNCu9ZSys1b', 'tid': 9449347, 'dtype': '2', 'privatekey': '7efbf332ac0ce7ed3b8255df09270435d0986345', 'token': '03D5E7369A9A560F89633C705A72A924'}
{'Date': 'Sat, 08 Jun 2019 11:26:03 GMT', 'Content-Type': 'text/plain;charset=UTF-8', 'Transfer-Encoding': 'chunked', 'Connection': 'keep-alive', 'Set-Cookie': 'acw_tc=76b20f4315599931636518663e6651753b7aaa5bbd1c10729bb6ba195bd529;path=/;HttpOnly;Max-Age=2678401, SERVERID=4d3710f5610de09777c32896e5f2170b|1559993163|1559993163;Path=/', 'Vary': 'Accept-Encoding', 'Content-Encoding': 'gzip'}
{'code': 100, 'data': {'tid': 9449355}, 'msg': '请求成功'}
{'appid': '1559660394246', 'nonce_str': 'QEJdVY9D8p2BHMwc', 'tid': 9449355, 'dtype': '2', 'privatekey': '7efbf332ac0ce7ed3b8255df09270435d0986345', 'token': 'D53AF20D1E7186E74B0DC3812366AFB9'}
{'Date': 'Sat, 08 Jun 2019 11:26:30 GMT', 'Content-Type': 'text/plain;charset=UTF-8', 'Transfer-Encoding': 'chunked', 'Connection': 'keep-alive', 'Set-Cookie': 'acw_tc=781bad2215599931904684361e3878783e8b370dd82b9e663803514c0cb5de;path=/;HttpOnly;Max-Age=2678401, SERVERID=f5149c9dad75cea81d5098369daa00ae|1559993190|1559993190;Path=/', 'Vary': 'Accept-Encoding', 'Content-Encoding': 'gzip'}
{'code': 100, 'data': {'tid': 9449413}, 'msg': '请求成功'}
{'appid': '1559660394246', 'nonce_str': 'eNJikOh64u8v1mlc', 'tid': 9449413, 'dtype': '2', 'privatekey': '7efbf332ac0ce7ed3b8255df09270435d0986345', 'token': '2C2E6574C58DB18521FC59FB8476DB15'}
{'Date': 'Sat, 08 Jun 2019 11:28:19 GMT', 'Content-Type': 'text/plain;charset=UTF-8', 'Transfer-Encoding': 'chunked', 'Connection': 'keep-alive', 'Set-Cookie': 'acw_tc=781bad2815599932992505426e039bf210ca4d51611e1765c1e0907f3fabe1;path=/;HttpOnly;Max-Age=2678401, SERVERID=5678a7bee86481a56b15180977a5d8d6|1559993299|1559993299;Path=/', 'Vary': 'Accept-Encoding', 'Content-Encoding': 'gzip'}
{'appid': '1559660394246', 'nonce_str': '2upUcmV1Hai3obzk', 'tid': 9449413, 'dtype': '2', 'privatekey': '7efbf332ac0ce7ed3b8255df09270435d0986345', 'token': 'B2E5FCF332548FC7DA8D263496D037F2'}
{'Date': 'Sat, 08 Jun 2019 12:45:45 GMT', 'Content-Type': 'application/octet-stream;charset=UTF-8', 'Transfer-Encoding': 'chunked', 'Connection': 'keep-alive', 'Set-Cookie': 'acw_tc=76b20f7115599979453712657e5a74f53f8bab289d7d7066cb9647ed1c86bc;path=/;HttpOnly;Max-Age=2678401, SERVERID=e138e2620f66b163b4e8b5ac901da878|1559997945|1559997945;Path=/', 'MD5': 'ffb66a9bc9a6a9eb43fcadee79e33ad9', 'Content-Disposition': 'attachment; filename="37a9f79a-5655-4b95-9ffe-da9bbb86838c.pdf"'}
{'appid': '1559660394246', 'nonce_str': 'Etn8Kcqhg5bXUy2e', 'tid': 9449413, 'dtype': '2', 'privatekey': '7efbf332ac0ce7ed3b8255df09270435d0986345', 'token': '796A9418609382331869302E5CB6089F'}
{'Date': 'Sat, 08 Jun 2019 12:55:42 GMT', 'Content-Type': 'application/octet-stream;charset=UTF-8', 'Transfer-Encoding': 'chunked', 'Connection': 'keep-alive', 'Set-Cookie': 'acw_tc=781bad2215599985425281554e387dec47fef8f0e07a96f5f518fb7fe14c1b;path=/;HttpOnly;Max-Age=2678401, SERVERID=5678a7bee86481a56b15180977a5d8d6|1559998542|1559998542;Path=/', 'MD5': 'ffb66a9bc9a6a9eb43fcadee79e33ad9', 'Content-Disposition': 'attachment; filename="ea67ffcb-9e56-4764-9065-699bebf8080e.pdf"'}
{'code': 304, 'msg': '可用积分不足'}
{'code': 100, 'data': {'tid': 9453808}, 'msg': '请求成功'}
{'appid': '1559660394246', 'nonce_str': 'yjoWUZ74J3LfrMGg', 'tid': 9453808, 'dtype': '2', 'privatekey': '7efbf332ac0ce7ed3b8255df09270435d0986345', 'token': '106742BC79121A1C87FE442788743E72'}
{'Date': 'Sat, 08 Jun 2019 13:40:04 GMT', 'Content-Type': 'application/octet-stream;charset=UTF-8', 'Transfer-Encoding': 'chunked', 'Connection': 'keep-alive', 'Set-Cookie': 'acw_tc=76b20f4715600012047292404ec0fbfbe8005c11eef28e4bbc9ab4994ce1fb;path=/;HttpOnly;Max-Age=2678401, SERVERID=4d3710f5610de09777c32896e5f2170b|1560001204|1560001204;Path=/', 'MD5': '49b0451a4d6beaeee76710c1d688785c', 'Content-Disposition': 'attachment; filename="c326515d-aa25-403f-964b-034f298f9161.pdf"'}
